<?xml version="1.0" encoding="UTF-8"?>
<!-- Generated by org.testng.reporters.JUnitReportReporter -->
<testsuite skipped="0" hostname="EP1WW7U1008" name="com.eshot.qa.testcases.ManageProfileTest" tests="3" failures="0" timestamp="24 Oct 2018 10:46:38 GMT" time="72.044" errors="0">
  <testcase name="CreateManageProfileTest" time="33.702" classname="com.eshot.qa.testcases.ManageProfileTest"/>
  <testcase name="CloneManageProfileTest" time="20.186" classname="com.eshot.qa.testcases.ManageProfileTest"/>
  <testcase name="DeleteManageProfileTest" time="18.156" classname="com.eshot.qa.testcases.ManageProfileTest"/>
</testsuite> <!-- com.eshot.qa.testcases.ManageProfileTest -->
