<?xml version="1.0" encoding="UTF-8"?>
<!-- Generated by org.testng.reporters.JUnitReportReporter -->
<testsuite skipped="0" hostname="EP1WW7U1008" name="com.eshot.qa.testcases.ManageProfileE2EOldTest" tests="3" failures="0" timestamp="31 Oct 2018 16:20:48 GMT" time="251.005" errors="0">
  <testcase name="CreateMessageTest" time="123.995" classname="com.eshot.qa.testcases.ManageProfileE2EOldTest"/>
  <testcase name="CreateCampaign" time="44.908" classname="com.eshot.qa.testcases.ManageProfileE2EOldTest"/>
  <testcase name="CheckMail" time="82.102" classname="com.eshot.qa.testcases.ManageProfileE2EOldTest"/>
</testsuite> <!-- com.eshot.qa.testcases.ManageProfileE2EOldTest -->
