<?xml version="1.0" encoding="UTF-8"?>
<!-- Generated by org.testng.reporters.JUnitReportReporter -->
<testsuite skipped="0" hostname="EP1WW7U1008" name="com.eshot.qa.testcases.AddNewContactTest" tests="1" failures="0" timestamp="31 Oct 2018 17:21:56 GMT" time="37.008" errors="0">
  <testcase name="AddContact" time="37.008" classname="com.eshot.qa.testcases.AddNewContactTest"/>
</testsuite> <!-- com.eshot.qa.testcases.AddNewContactTest -->
