<?xml version="1.0" encoding="UTF-8"?>
<!-- Generated by org.testng.reporters.JUnitReportReporter -->
<testsuite skipped="0" hostname="EP1WW7U1008" name="com.eshot.qa.testcases.ManageProfileE2ENewTest" tests="4" failures="0" timestamp="31 Oct 2018 17:18:48 GMT" time="275.624" errors="0">
  <testcase name="CreateMessageTest" time="103.035" classname="com.eshot.qa.testcases.ManageProfileE2ENewTest"/>
  <testcase name="CreateManageProfileTest" time="50.784" classname="com.eshot.qa.testcases.ManageProfileE2ENewTest"/>
  <testcase name="CreateCampaign" time="41.867" classname="com.eshot.qa.testcases.ManageProfileE2ENewTest"/>
  <testcase name="CheckMail" time="79.938" classname="com.eshot.qa.testcases.ManageProfileE2ENewTest"/>
</testsuite> <!-- com.eshot.qa.testcases.ManageProfileE2ENewTest -->
