<?xml version="1.0" encoding="UTF-8"?>
<!-- Generated by org.testng.reporters.JUnitReportReporter -->
<testsuite skipped="0" hostname="EP1WW7U1008" name="com.eshot.qa.testcases.Notifications" tests="2" failures="0" timestamp="25 Oct 2018 15:39:53 GMT" time="283.532" errors="0">
  <testcase name="CreateSMSMessageTest" time="139.609" classname="com.eshot.qa.testcases.Notifications"/>
  <testcase name="InsufficientSMScreditsNotification" time="143.923" classname="com.eshot.qa.testcases.Notifications"/>
</testsuite> <!-- com.eshot.qa.testcases.Notifications -->
