<?xml version="1.0" encoding="UTF-8"?>
<!-- Generated by org.testng.reporters.JUnitReportReporter -->
<testsuite skipped="0" hostname="EP1WW7U1008" name="com.eshot.qa.testcases.AddDeleteUserTest" tests="3" failures="0" timestamp="05 Dec 2018 16:42:37 GMT" time="156.690" errors="0">
  <testcase name="AddNewUserTest" time="48.196" classname="com.eshot.qa.testcases.AddDeleteUserTest"/>
  <testcase name="CreateExistingUserTest" time="60.016" classname="com.eshot.qa.testcases.AddDeleteUserTest"/>
  <testcase name="DeleteUserTest" time="48.478" classname="com.eshot.qa.testcases.AddDeleteUserTest"/>
</testsuite> <!-- com.eshot.qa.testcases.AddDeleteUserTest -->
