<?xml version="1.0" encoding="UTF-8"?>
<!-- Generated by org.testng.reporters.JUnitReportReporter -->
<testsuite skipped="0" hostname="EP1WW7U1008" name="com.eshot.qa.testcases.SignUpFormTest" tests="4" failures="0" timestamp="10 Dec 2018 11:15:45 GMT" time="348.080" errors="0">
  <testcase name="CreateSingleSignupForm" time="106.281" classname="com.eshot.qa.testcases.SignUpFormTest"/>
  <testcase name="CloneSingleSignupForm" time="61.331" classname="com.eshot.qa.testcases.SignUpFormTest"/>
  <testcase name="CreateDoubleSignupForm" time="125.531" classname="com.eshot.qa.testcases.SignUpFormTest"/>
  <testcase name="CloneDoubleSignupForm" time="54.937" classname="com.eshot.qa.testcases.SignUpFormTest"/>
</testsuite> <!-- com.eshot.qa.testcases.SignUpFormTest -->
